<?xml version="1.0" encoding="UTF-8"?>
<!-- Generated by org.testng.reporters.JUnitReportReporter -->
<testsuite hostname="DESKTOP-KAH4V20" failures="0" tests="1" name="Day26_mercuryDemo.Mt" time="21.611" errors="0" timestamp="2024-07-05T10:07:07 IST" skipped="0">
  <testcase classname="Day26_mercuryDemo.Mt" name="loginCheck" time="21.611"/>
  <system-out/>
</testsuite> <!-- Day26_mercuryDemo.Mt -->
